<?xml version="1.0" encoding="UTF-8"?>
<!-- Generated by org.testng.reporters.JUnitXMLReporter -->
<testsuite ignored="7" hostname="DESKTOP-G609BEC" failures="0" tests="1" name="Default test" time="0.107" errors="0" timestamp="2022-09-13T12:32:57 IST">
  <testcase classname="JavaProgPractice.TestClass" name="removeDuplicatewordsFromSentences" time="0.018"/>
  <testcase classname="JavaProgPractice.TestClass" name="swapNoWithoutThirdVariable" time="0.0">
    <ignored/>
  </testcase> <!-- swapNoWithoutThirdVariable -->
  <testcase classname="JavaProgPractice.TestClass" name="revString" time="0.0">
    <ignored/>
  </testcase> <!-- revString -->
  <testcase classname="JavaProgPractice.TestClass" name="removeDuplicates" time="0.0">
    <ignored/>
  </testcase> <!-- removeDuplicates -->
  <testcase classname="JavaProgPractice.TestClass" name="shiftingNumberInArray" time="0.0">
    <ignored/>
  </testcase> <!-- shiftingNumberInArray -->
  <testcase classname="JavaProgPractice.TestClass" name="shiftingWord" time="0.0">
    <ignored/>
  </testcase> <!-- shiftingWord -->
  <testcase classname="JavaProgPractice.TestClass" name="test" time="0.0">
    <ignored/>
  </testcase> <!-- test -->
  <testcase classname="JavaProgPractice.TestClass" name="reversWordInAString" time="0.0">
    <ignored/>
  </testcase> <!-- reversWordInAString -->
</testsuite> <!-- Default test -->
