<?xml version="1.0" encoding="UTF-8"?>
<testng-results ignored="7" total="8" passed="1" failed="0" skipped="0">
  <reporter-output>
  </reporter-output>
  <suite started-at="2022-09-13T12:32:57 IST" name="Default suite" finished-at="2022-09-13T12:32:57 IST" duration-ms="107">
    <groups>
    </groups>
    <test started-at="2022-09-13T12:32:57 IST" name="Default test" finished-at="2022-09-13T12:32:57 IST" duration-ms="107">
      <class name="JavaProgPractice.TestClass">
        <test-method signature="removeDuplicatewordsFromSentences()[pri:0, instance:JavaProgPractice.TestClass@5e2c3d18]" started-at="2022-09-13T12:32:57 IST" name="removeDuplicatewordsFromSentences" finished-at="2022-09-13T12:32:57 IST" duration-ms="18" status="PASS">
          <reporter-output>
          </reporter-output>
        </test-method> <!-- removeDuplicatewordsFromSentences -->
      </class> <!-- JavaProgPractice.TestClass -->
    </test> <!-- Default test -->
  </suite> <!-- Default suite -->
</testng-results>
